app/build/intermediates/manifest_merge_blame_file/debug/processDebugMainManifest/manifest-merger-blame-debug-report.txt
1<?xml version="1.0" encoding="utf-8"?>
2<manifest xmlns:android="http://schemas.android.com/apk/res/android"
3    package="hu.fenyveskupa.boattracker"
4    android:versionCode="1"
5    android:versionName="1.0" >
6
7    <uses-sdk
7-->INJECTED
8        android:minSdkVersion="26"
8-->INJECTED
9        android:targetSdkVersion="36" />
9-->INJECTED
10
11    <uses-permission android:name="android.permission.ACCESS_COARSE_LOCATION" />
11-->src/main/AndroidManifest.xml:3:5-81
11-->src/main/AndroidManifest.xml:3:22-78
12    <uses-permission android:name="android.permission.ACCESS_FINE_LOCATION" />
12-->src/main/AndroidManifest.xml:4:5-79
12-->src/main/AndroidManifest.xml:4:22-76
13    <uses-permission android:name="android.permission.FOREGROUND_SERVICE" />
13-->src/main/AndroidManifest.xml:5:5-77
13-->src/main/AndroidManifest.xml:5:22-74
14    <uses-permission android:name="android.permission.FOREGROUND_SERVICE_LOCATION" />
14-->src/main/AndroidManifest.xml:6:5-86
14-->src/main/AndroidManifest.xml:6:22-83
15    <uses-permission android:name="android.permission.INTERNET" />
15-->src/main/AndroidManifest.xml:7:5-67
15-->src/main/AndroidManifest.xml:7:22-64
16    <uses-permission android:name="android.permission.POST_NOTIFICATIONS" />
16-->src/main/AndroidManifest.xml:8:5-77
16-->src/main/AndroidManifest.xml:8:22-74
17    <uses-permission android:name="android.permission.VIBRATE" />
17-->src/main/AndroidManifest.xml:9:5-66
17-->src/main/AndroidManifest.xml:9:22-63
18
19    <application
19-->src/main/AndroidManifest.xml:11:5-36:19
20        android:allowBackup="true"
20-->src/main/AndroidManifest.xml:12:9-35
21        android:debuggable="true"
22        android:extractNativeLibs="false"
22-->INJECTED
23        android:icon="@drawable/ic_launcher"
23-->src/main/AndroidManifest.xml:13:9-45
24        android:label="@string/app_name"
24-->src/main/AndroidManifest.xml:14:9-41
25        android:testOnly="true"
26        android:theme="@style/AppTheme"
26-->src/main/AndroidManifest.xml:15:9-40
27        android:usesCleartextTraffic="true" >
27-->src/main/AndroidManifest.xml:16:9-44
28        <activity
28-->src/main/AndroidManifest.xml:17:9-30:20
29            android:name="hu.fenyveskupa.boattracker.MainActivity"
29-->src/main/AndroidManifest.xml:18:13-41
30            android:exported="true" >
30-->src/main/AndroidManifest.xml:19:13-36
31            <intent-filter>
31-->src/main/AndroidManifest.xml:20:13-23:29
32                <action android:name="android.intent.action.MAIN" />
32-->src/main/AndroidManifest.xml:21:17-69
32-->src/main/AndroidManifest.xml:21:25-66
33
34                <category android:name="android.intent.category.LAUNCHER" />
34-->src/main/AndroidManifest.xml:22:17-77
34-->src/main/AndroidManifest.xml:22:27-74
35            </intent-filter>
36            <intent-filter>
36-->src/main/AndroidManifest.xml:24:13-29:29
37                <action android:name="android.intent.action.VIEW" />
37-->src/main/AndroidManifest.xml:25:17-69
37-->src/main/AndroidManifest.xml:25:25-66
38
39                <category android:name="android.intent.category.DEFAULT" />
39-->src/main/AndroidManifest.xml:26:17-76
39-->src/main/AndroidManifest.xml:26:27-73
40                <category android:name="android.intent.category.BROWSABLE" />
40-->src/main/AndroidManifest.xml:27:17-78
40-->src/main/AndroidManifest.xml:27:27-75
41
42                <data android:scheme="boattracker" />
42-->src/main/AndroidManifest.xml:28:17-54
42-->src/main/AndroidManifest.xml:28:23-51
43            </intent-filter>
44        </activity>
45
46        <service
46-->src/main/AndroidManifest.xml:32:9-35:56
47            android:name="hu.fenyveskupa.boattracker.TrackerService"
47-->src/main/AndroidManifest.xml:33:13-43
48            android:exported="false"
48-->src/main/AndroidManifest.xml:34:13-37
49            android:foregroundServiceType="location" />
49-->src/main/AndroidManifest.xml:35:13-53
50    </application>
51
52</manifest>